<?xml version="1.0" encoding="UTF-8"?>
<!-- Generated by org.testng.reporters.JUnitReportReporter -->
<testsuite skipped="0" hostname="T460-PC0GYQ9K" name="Demotestng.Testng.MainClass" tests="2" failures="0" timestamp="20 Aug 2019 19:59:31 GMT" time="32.658" errors="0">
  <testcase name="verifyNumberProducts" time="16.264" classname="Demotestng.Testng.MainClass"/>
  <testcase name="verifyNumberProducts" time="16.394" classname="Demotestng.Testng.MainClass"/>
</testsuite> <!-- Demotestng.Testng.MainClass -->
