<?xml version="1.0" encoding="UTF-8"?>
<!-- Generated by org.testng.reporters.JUnitReportReporter -->
<testsuite skipped="0" hostname="T460-PC0GYQ9K" name="Demotestng.Testng.TestClass" tests="3" failures="0" timestamp="30 Jul 2019 16:26:45 GMT" time="20.775" errors="0">
  <testcase name="test2" time="0.001" classname="Demotestng.Testng.TestClass"/>
  <testcase name="test3" time="0.003" classname="Demotestng.Testng.TestClass"/>
  <testcase name="test1" time="20.771" classname="Demotestng.Testng.TestClass"/>
</testsuite> <!-- Demotestng.Testng.TestClass -->
