<?xml version="1.0" encoding="UTF-8"?>
<!-- Generated by org.testng.reporters.JUnitReportReporter -->
<testsuite skipped="0" hostname="T460-PC0GYQ9K" name="naukri.NaukriAutomation" tests="1" failures="0" timestamp="27 Aug 2019 12:41:36 GMT" time="27.174" errors="0">
  <testcase name="updateProfile" time="27.174" classname="naukri.NaukriAutomation"/>
</testsuite> <!-- naukri.NaukriAutomation -->
